# JRE version: Java(TM) SE Runtime Environment (17.0.2+8) (build 17.0.2+8-LTS-86)
# Java VM: Java HotSpot(TM) 64-Bit Server VM (17.0.2+8-LTS-86, mixed mode, sharing, tiered, compressed oops, compressed class ptrs, g1 gc, windows-amd64)
GC Precious Log:
 CPUs: 8 total, 8 available
 Memory: 12069M
 Large Page Support: Disabled
 NUMA Support: Disabled
 Compressed Oops: Enabled (Zero based)
 Heap Region Size: 2M
 Heap Min Capacity: 8M
 Heap Initial Capacity: 190M
 Heap Max Capacity: 3018M
 Pre-touch: Disabled
 Parallel Workers: 8
 Concurrent Workers: 2
 Concurrent Refinement Workers: 8
 Periodic GC: Disabled
Heap:
 garbage-first heap   total 194560K, used 59495K [0x0000000743600000, 0x0000000800000000)
  region size 2048K, 3 young (6144K), 3 survivors (6144K)
 Metaspace       used 43504K, committed 43840K, reserved 1089536K
  class space    used 5279K, committed 5440K, reserved 1048576K
GC Heap History (20 events):
Event: 19.003 GC heap after
{Heap after GC invocations=8 (full 0):
 garbage-first heap   total 75776K, used 33928K [0x0000000743600000, 0x0000000800000000)
  region size 2048K, 2 young (4096K), 2 survivors (4096K)
 Metaspace       used 33367K, committed 33664K, reserved 1081344K
  class space    used 4264K, committed 4416K, reserved 1048576K
}
Event: 19.655 GC heap before
{Heap before GC invocations=8 (full 0):
 garbage-first heap   total 75776K, used 44168K [0x0000000743600000, 0x0000000800000000)
  region size 2048K, 8 young (16384K), 2 survivors (4096K)
 Metaspace       used 35712K, committed 35968K, reserved 1081344K
  class space    used 4517K, committed 4672K, reserved 1048576K
}
Event: 19.663 GC heap after
{Heap after GC invocations=9 (full 0):
 garbage-first heap   total 75776K, used 34768K [0x0000000743600000, 0x0000000800000000)
  region size 2048K, 1 young (2048K), 1 survivors (2048K)
 Metaspace       used 35712K, committed 35968K, reserved 1081344K
  class space    used 4517K, committed 4672K, reserved 1048576K
}
Event: 20.555 GC heap before
{Heap before GC invocations=10 (full 0):
 garbage-first heap   total 75776K, used 45008K [0x0000000743600000, 0x0000000800000000)
  region size 2048K, 7 young (14336K), 1 survivors (2048K)
 Metaspace       used 37868K, committed 38144K, reserved 1089536K
  class space    used 4754K, committed 4864K, reserved 1048576K
}
Event: 20.565 GC heap after
{Heap after GC invocations=11 (full 0):
 garbage-first heap   total 75776K, used 36538K [0x0000000743600000, 0x0000000800000000)
  region size 2048K, 2 young (4096K), 2 survivors (4096K)
 Metaspace       used 37868K, committed 38144K, reserved 1089536K
  class space    used 4754K, committed 4864K, reserved 1048576K
}
Event: 21.329 GC heap before
{Heap before GC invocations=12 (full 0):
 garbage-first heap   total 75776K, used 57018K [0x0000000743600000, 0x0000000800000000)
  region size 2048K, 11 young (22528K), 2 survivors (4096K)
 Metaspace       used 39464K, committed 39744K, reserved 1089536K
  class space    used 4912K, committed 5056K, reserved 1048576K
}
Event: 21.341 GC heap after
{Heap after GC invocations=13 (full 0):
 garbage-first heap   total 75776K, used 41406K [0x0000000743600000, 0x0000000800000000)
  region size 2048K, 2 young (4096K), 2 survivors (4096K)
 Metaspace       used 39464K, committed 39744K, reserved 1089536K
  class space    used 4912K, committed 5056K, reserved 1048576K
}
Event: 21.649 GC heap before
{Heap before GC invocations=13 (full 0):
 garbage-first heap   total 75776K, used 55742K [0x0000000743600000, 0x0000000800000000)
  region size 2048K, 10 young (20480K), 2 survivors (4096K)
 Metaspace       used 39591K, committed 39936K, reserved 1089536K
  class space    used 4918K, committed 5056K, reserved 1048576K
}
Event: 21.661 GC heap after
{Heap after GC invocations=14 (full 0):
 garbage-first heap   total 75776K, used 45699K [0x0000000743600000, 0x0000000800000000)
  region size 2048K, 2 young (4096K), 2 survivors (4096K)
 Metaspace       used 39591K, committed 39936K, reserved 1089536K
  class space    used 4918K, committed 5056K, reserved 1048576K
}
Event: 21.742 GC heap before
{Heap before GC invocations=15 (full 0):
 garbage-first heap   total 90112K, used 57987K [0x0000000743600000, 0x0000000800000000)
  region size 2048K, 8 young (16384K), 2 survivors (4096K)
 Metaspace       used 39633K, committed 39936K, reserved 1089536K
  class space    used 4918K, committed 5056K, reserved 1048576K
}
Event: 21.745 GC heap after
{Heap after GC invocations=16 (full 0):
 garbage-first heap   total 108544K, used 44101K [0x0000000743600000, 0x0000000800000000)
  region size 2048K, 1 young (2048K), 1 survivors (2048K)
 Metaspace       used 39633K, committed 39936K, reserved 1089536K
  class space    used 4918K, committed 5056K, reserved 1048576K
}
Event: 23.392 GC heap before
{Heap before GC invocations=16 (full 0):
 garbage-first heap   total 108544K, used 80965K [0x0000000743600000, 0x0000000800000000)
  region size 2048K, 19 young (38912K), 1 survivors (2048K)
 Metaspace       used 43032K, committed 43328K, reserved 1089536K
  class space    used 5245K, committed 5376K, reserved 1048576K
}
Event: 23.411 GC heap after
{Heap after GC invocations=17 (full 0):
 garbage-first heap   total 108544K, used 46717K [0x0000000743600000, 0x0000000800000000)
  region size 2048K, 3 young (6144K), 3 survivors (6144K)
 Metaspace       used 43032K, committed 43328K, reserved 1089536K
  class space    used 5245K, committed 5376K, reserved 1048576K
}
Event: 23.992 GC heap before
{Heap before GC invocations=17 (full 0):
 garbage-first heap   total 108544K, used 83581K [0x0000000743600000, 0x0000000800000000)
  region size 2048K, 20 young (40960K), 3 survivors (6144K)
 Metaspace       used 43086K, committed 43392K, reserved 1089536K
  class space    used 5246K, committed 5376K, reserved 1048576K
}
Event: 24.008 GC heap after
{Heap after GC invocations=18 (full 0):
 garbage-first heap   total 108544K, used 51625K [0x0000000743600000, 0x0000000800000000)
  region size 2048K, 2 young (4096K), 2 survivors (4096K)
 Metaspace       used 43086K, committed 43392K, reserved 1089536K
  class space    used 5246K, committed 5376K, reserved 1048576K
}
Event: 24.525 GC heap before
{Heap before GC invocations=18 (full 0):
 garbage-first heap   total 108544K, used 82345K [0x0000000743600000, 0x0000000800000000)
  region size 2048K, 17 young (34816K), 2 survivors (4096K)
 Metaspace       used 43086K, committed 43392K, reserved 1089536K
  class space    used 5246K, committed 5376K, reserved 1048576K
}
Event: 24.532 GC heap after
{Heap after GC invocations=19 (full 0):
 garbage-first heap   total 108544K, used 53139K [0x0000000743600000, 0x0000000800000000)
  region size 2048K, 3 young (6144K), 3 survivors (6144K)
 Metaspace       used 43086K, committed 43392K, reserved 1089536K
  class space    used 5246K, committed 5376K, reserved 1048576K
}
Event: 24.657 GC heap before
{Heap before GC invocations=20 (full 0):
 garbage-first heap   total 110592K, used 83859K [0x0000000743600000, 0x0000000800000000)
  region size 2048K, 18 young (36864K), 3 survivors (6144K)
 Metaspace       used 43105K, committed 43392K, reserved 1089536K
  class space    used 5247K, committed 5376K, reserved 1048576K
}
Event: 24.669 GC heap after
{Heap after GC invocations=21 (full 0):
 garbage-first heap   total 110592K, used 56715K [0x0000000743600000, 0x0000000800000000)
  region size 2048K, 3 young (6144K), 3 survivors (6144K)
 Metaspace       used 43105K, committed 43392K, reserved 1089536K
  class space    used 5247K, committed 5376K, reserved 1048576K
}
Event: 25.290 GC heap before
{Heap before GC invocations=21 (full 0):
 garbage-first heap   total 110592K, used 83339K [0x0000000743600000, 0x0000000800000000)
  region size 2048K, 17 young (34816K), 3 survivors (6144K)
 Metaspace       used 43504K, committed 43840K, reserved 1089536K
  class space    used 5279K, committed 5440K, reserved 1048576K
}

